[2020-04-20 11:00:57,102][INFO] /Users/hiro_nagata/app/tapyourbeer_ver3/apps/home/views.py index line:14 home
[2020-04-20 11:00:58,386][INFO] /Users/hiro_nagata/app/tapyourbeer_ver3/apps/home/views.py index line:14 home
[2020-04-20 11:05:31,633][INFO] /Users/hiro_nagata/app/tapyourbeer_ver3/apps/home/views.py index line:14 home
[2020-04-20 11:05:46,551][INFO] /Users/hiro_nagata/app/tapyourbeer_ver3/apps/home/views.py index line:14 home
[2020-04-20 11:07:08,060][INFO] /Users/hiro_nagata/app/tapyourbeer_ver3/apps/home/views.py index line:14 home
[2020-04-20 11:10:02,784][INFO] /Users/hiro_nagata/app/tapyourbeer_ver3/apps/home/views.py index line:14 home
[2020-04-20 11:12:05,226][INFO] /Users/hiro_nagata/app/tapyourbeer_ver3/apps/home/views.py index line:14 home
[2020-04-20 11:13:14,677][INFO] /Users/hiro_nagata/app/tapyourbeer_ver3/apps/home/views.py index line:14 home
[2020-04-20 11:21:30,720][INFO] /Users/hiro_nagata/app/tapyourbeer_ver3/apps/home/views.py index line:14 home
[2020-04-20 11:28:54,602][INFO] /Users/hiro_nagata/app/tapyourbeer_ver3/apps/home/views.py index line:14 home
[2020-04-20 11:29:41,666][INFO] /Users/hiro_nagata/app/tapyourbeer_ver3/apps/home/views.py index line:14 home
[2020-04-20 11:30:02,403][INFO] /Users/hiro_nagata/app/tapyourbeer_ver3/apps/home/views.py index line:14 home
[2020-04-20 11:30:38,752][INFO] /Users/hiro_nagata/app/tapyourbeer_ver3/apps/home/views.py index line:14 home
[2020-04-20 11:31:01,794][INFO] /Users/hiro_nagata/app/tapyourbeer_ver3/apps/home/views.py index line:14 home
[2020-04-20 11:33:13,130][INFO] /Users/hiro_nagata/app/tapyourbeer_ver3/apps/home/views.py index line:14 home
[2020-04-20 11:34:05,163][INFO] /Users/hiro_nagata/app/tapyourbeer_ver3/apps/home/views.py index line:14 home
[2020-04-20 11:34:06,777][INFO] /Users/hiro_nagata/app/tapyourbeer_ver3/apps/home/views.py index line:14 home
[2020-04-20 11:34:21,299][INFO] /Users/hiro_nagata/app/tapyourbeer_ver3/apps/home/views.py index line:14 home
[2020-04-20 11:34:22,052][INFO] /Users/hiro_nagata/app/tapyourbeer_ver3/apps/home/views.py index line:14 home
[2020-04-20 11:34:22,816][INFO] /Users/hiro_nagata/app/tapyourbeer_ver3/apps/home/views.py index line:14 home
[2020-04-20 11:35:24,495][INFO] /Users/hiro_nagata/app/tapyourbeer_ver3/apps/home/views.py index line:14 home
[2020-04-20 11:35:35,093][INFO] /Users/hiro_nagata/app/tapyourbeer_ver3/apps/home/views.py index line:14 home
[2020-04-20 11:35:36,778][INFO] /Users/hiro_nagata/app/tapyourbeer_ver3/apps/home/views.py index line:14 home
[2020-04-20 11:35:37,602][INFO] /Users/hiro_nagata/app/tapyourbeer_ver3/apps/home/views.py index line:14 home
[2020-04-20 11:35:55,217][INFO] /Users/hiro_nagata/app/tapyourbeer_ver3/apps/home/views.py index line:14 home
[2020-04-20 11:40:28,978][INFO] /Users/hiro_nagata/app/tapyourbeer_ver3/apps/home/views.py index line:14 home
[2020-04-20 11:40:39,091][INFO] /Users/hiro_nagata/app/tapyourbeer_ver3/apps/home/views.py index line:14 home
[2020-04-20 11:42:16,104][INFO] /Users/hiro_nagata/app/tapyourbeer_ver3/apps/home/views.py index line:14 home
[2020-04-20 11:42:19,446][INFO] /Users/hiro_nagata/app/tapyourbeer_ver3/apps/home/views.py index line:14 home
[2020-04-20 11:42:28,937][INFO] /Users/hiro_nagata/app/tapyourbeer_ver3/apps/home/views.py index line:14 home
[2020-04-20 13:56:35,885][INFO] /Users/hiro_nagata/app/tapyourbeer_ver3/apps/home/views.py index line:14 home
[2020-04-20 13:56:37,906][INFO] /Users/hiro_nagata/app/tapyourbeer_ver3/apps/home/views.py index line:14 home
[2020-04-20 13:56:39,020][INFO] /Users/hiro_nagata/app/tapyourbeer_ver3/apps/search/views.py index line:14 search
[2020-04-20 13:56:40,784][INFO] /Users/hiro_nagata/app/tapyourbeer_ver3/apps/home/views.py index line:14 home
[2020-04-20 13:56:42,118][INFO] /Users/hiro_nagata/app/tapyourbeer_ver3/apps/home/views.py index line:14 home
[2020-04-20 13:56:43,583][INFO] /Users/hiro_nagata/app/tapyourbeer_ver3/apps/beer/views.py index line:14 beer
[2020-04-20 13:56:44,655][INFO] /Users/hiro_nagata/app/tapyourbeer_ver3/apps/brewery/views.py index line:14 brewery
[2020-04-20 13:56:45,555][INFO] /Users/hiro_nagata/app/tapyourbeer_ver3/apps/venue/views.py index line:14 venue
[2020-04-20 13:56:46,842][INFO] /Users/hiro_nagata/app/tapyourbeer_ver3/apps/user/views.py index line:14 user
[2020-04-20 13:56:47,701][INFO] /Users/hiro_nagata/app/tapyourbeer_ver3/apps/home/views.py index line:14 home
[2020-04-20 13:56:48,947][INFO] /Users/hiro_nagata/app/tapyourbeer_ver3/apps/home/views.py index line:14 home
[2020-04-20 13:57:07,825][INFO] /Users/hiro_nagata/app/tapyourbeer_ver3/apps/home/views.py index line:14 home
[2020-04-20 13:57:08,735][INFO] /Users/hiro_nagata/app/tapyourbeer_ver3/apps/user/views.py index line:14 user
[2020-04-20 13:57:09,314][INFO] /Users/hiro_nagata/app/tapyourbeer_ver3/apps/home/views.py index line:14 home
[2020-04-20 13:58:23,421][INFO] /Users/hiro_nagata/app/tapyourbeer_ver3/apps/search/views.py index line:14 search
[2020-04-20 13:58:27,586][INFO] /Users/hiro_nagata/app/tapyourbeer_ver3/apps/user/views.py index line:14 user
[2020-04-20 13:58:28,155][INFO] /Users/hiro_nagata/app/tapyourbeer_ver3/apps/venue/views.py index line:14 venue
[2020-04-20 13:58:31,833][INFO] /Users/hiro_nagata/app/tapyourbeer_ver3/apps/home/views.py index line:14 home
[2020-04-20 13:58:56,434][INFO] /Users/hiro_nagata/app/tapyourbeer_ver3/apps/home/views.py index line:14 home
[2020-04-20 13:58:57,135][INFO] /Users/hiro_nagata/app/tapyourbeer_ver3/apps/manager/views.py index line:14 beer
[2020-04-20 13:58:57,885][INFO] /Users/hiro_nagata/app/tapyourbeer_ver3/apps/venue/views.py index line:14 venue
[2020-04-20 14:06:03,683][INFO] /Users/hiro_nagata/app/tapyourbeer_ver3/apps/venue/views.py index line:14 venue
[2020-04-20 14:06:05,029][INFO] /Users/hiro_nagata/app/tapyourbeer_ver3/apps/search/views.py index line:14 search
[2020-04-20 14:06:05,705][INFO] /Users/hiro_nagata/app/tapyourbeer_ver3/apps/beer/views.py index line:38 beer
[2020-04-20 14:06:06,497][INFO] /Users/hiro_nagata/app/tapyourbeer_ver3/apps/beer/views.py show_add_beer_form line:14 add beer form
[2020-04-20 14:06:07,931][INFO] /Users/hiro_nagata/app/tapyourbeer_ver3/apps/brewery/views.py index line:14 brewery
[2020-04-20 14:06:08,522][INFO] /Users/hiro_nagata/app/tapyourbeer_ver3/apps/venue/views.py index line:14 venue
[2020-04-20 14:06:09,042][INFO] /Users/hiro_nagata/app/tapyourbeer_ver3/apps/user/views.py index line:14 user
[2020-04-20 14:06:09,515][INFO] /Users/hiro_nagata/app/tapyourbeer_ver3/apps/manager/views.py index line:14 beer
